app/build/outputs/logs/manifest-merger-debug-report.txt
-- Merging decision tree log ---
manifest
ADDED from src\main\AndroidManifest.xml:1:1-59:12
	package
		ADDED from src\main\AndroidManifest.xml:2:5-41
		INJECTED from src\main\AndroidManifest.xml
		INJECTED from src\main\AndroidManifest.xml
	android:versionName
		ADDED from src\main\AndroidManifest.xml:4:5-30
		INJECTED from src\main\AndroidManifest.xml
		INJECTED from src\main\AndroidManifest.xml
	android:versionCode
		ADDED from src\main\AndroidManifest.xml:3:5-28
		INJECTED from src\main\AndroidManifest.xml
		INJECTED from src\main\AndroidManifest.xml
	xmlns:android
		ADDED from src\main\AndroidManifest.xml:1:11-69
uses-sdk
ADDED from src\main\AndroidManifest.xml:6:5-8:41
MERGED from [com.android.support:appcompat-v7:19.1.0] AndroidManifest.xml:18:5-42
	android:targetSdkVersion
		ADDED from src\main\AndroidManifest.xml:8:9-38
		INJECTED from src\main\AndroidManifest.xml
		INJECTED from src\main\AndroidManifest.xml
	android:minSdkVersion
		ADDED from src\main\AndroidManifest.xml:7:9-34
		INJECTED from src\main\AndroidManifest.xml
		INJECTED from src\main\AndroidManifest.xml
uses-permission#android.permission.CHANGE_WIFI_MULTICAST_STATE
ADDED from src\main\AndroidManifest.xml:10:5-86
	android:name
		ADDED from src\main\AndroidManifest.xml:10:22-83
uses-permission#android.permission.GET_TASKS
ADDED from src\main\AndroidManifest.xml:11:5-68
	android:name
		ADDED from src\main\AndroidManifest.xml:11:22-65
uses-permission#android.permission.READ_PHONE_STATE
ADDED from src\main\AndroidManifest.xml:12:5-75
	android:name
		ADDED from src\main\AndroidManifest.xml:12:22-72
uses-permission#android.permission.SYSTEM_ALERT_WINDOW
ADDED from src\main\AndroidManifest.xml:13:5-78
	android:name
		ADDED from src\main\AndroidManifest.xml:13:22-75
uses-permission#android.permission.READ_SETTINGS
ADDED from src\main\AndroidManifest.xml:14:5-72
	android:name
		ADDED from src\main\AndroidManifest.xml:14:22-69
uses-permission#android.permission.WRITE_SETTINGS
ADDED from src\main\AndroidManifest.xml:15:5-73
	android:name
		ADDED from src\main\AndroidManifest.xml:15:22-70
uses-permission#android.permission.INTERNET
ADDED from src\main\AndroidManifest.xml:16:5-67
	android:name
		ADDED from src\main\AndroidManifest.xml:16:22-64
uses-permission#android.permission.EXPAND_STATU
ADDED from src\main\AndroidManifest.xml:17:5-71
	android:name
		ADDED from src\main\AndroidManifest.xml:17:22-68
uses-permission#android.permission.ACCESS_NETWORK_STATE
ADDED from src\main\AndroidManifest.xml:18:5-79
	android:name
		ADDED from src\main\AndroidManifest.xml:18:22-76
uses-permission#android.permission.RECEIVE_BOOT_COMPLETED
ADDED from src\main\AndroidManifest.xml:19:5-81
	android:name
		ADDED from src\main\AndroidManifest.xml:19:22-78
uses-permission#android.permission.READ_EXTERNAL_STORAGE
ADDED from src\main\AndroidManifest.xml:20:5-80
	android:name
		ADDED from src\main\AndroidManifest.xml:20:22-77
uses-permission#android.permission.WRITE_EXTERNAL_STORAGE
ADDED from src\main\AndroidManifest.xml:21:5-81
	android:name
		ADDED from src\main\AndroidManifest.xml:21:22-78
uses-permission#android.permission.ACCESS_WIFI_STATE
ADDED from src\main\AndroidManifest.xml:22:5-76
	android:name
		ADDED from src\main\AndroidManifest.xml:22:22-73
uses-permission#android.permission.CHANGE_WIFI_STATE
ADDED from src\main\AndroidManifest.xml:24:5-76
	android:name
		ADDED from src\main\AndroidManifest.xml:24:22-73
uses-permission#android.permission.CHANGE_NETWORK_STATE
ADDED from src\main\AndroidManifest.xml:25:5-79
	android:name
		ADDED from src\main\AndroidManifest.xml:25:22-76
uses-permission#android.permission.MOUNT_UNMOUNT_FILESYSTEMS
ADDED from src\main\AndroidManifest.xml:26:5-84
	android:name
		ADDED from src\main\AndroidManifest.xml:26:22-81
uses-permission#android.permission.READ_LOGS
ADDED from src\main\AndroidManifest.xml:28:5-68
	android:name
		ADDED from src\main\AndroidManifest.xml:28:22-65
application
ADDED from src\main\AndroidManifest.xml:30:5-57:19
MERGED from [com.android.support:appcompat-v7:19.1.0] AndroidManifest.xml:19:5-20
	android:label
		ADDED from src\main\AndroidManifest.xml:34:9-41
	android:allowBackup
		ADDED from src\main\AndroidManifest.xml:32:9-35
	android:icon
		ADDED from src\main\AndroidManifest.xml:33:9-45
	android:theme
		ADDED from src\main\AndroidManifest.xml:35:9-79
	android:name
		ADDED from src\main\AndroidManifest.xml:31:9-38
meta-data#design_width
ADDED from src\main\AndroidManifest.xml:36:9-38:35
	android:value
		ADDED from src\main\AndroidManifest.xml:38:13-32
	android:name
		ADDED from src\main\AndroidManifest.xml:37:13-40
meta-data#design_height
ADDED from src\main\AndroidManifest.xml:39:9-41:36
	android:value
		ADDED from src\main\AndroidManifest.xml:41:13-33
	android:name
		ADDED from src\main\AndroidManifest.xml:40:13-41
activity#com.simple.multiscreenplay.MainActivity
ADDED from src\main\AndroidManifest.xml:43:9-52:20
	android:screenOrientation
		ADDED from src\main\AndroidManifest.xml:46:13-49
	android:launchMode
		ADDED from src\main\AndroidManifest.xml:45:13-44
	android:name
		ADDED from src\main\AndroidManifest.xml:44:13-41
intent-filter#android.intent.action.MAIN+android.intent.category.LAUNCHER
ADDED from src\main\AndroidManifest.xml:47:13-51:29
action#android.intent.action.MAIN
ADDED from src\main\AndroidManifest.xml:48:17-69
	android:name
		ADDED from src\main\AndroidManifest.xml:48:25-66
category#android.intent.category.LAUNCHER
ADDED from src\main\AndroidManifest.xml:50:17-77
	android:name
		ADDED from src\main\AndroidManifest.xml:50:27-74
activity#com.simple.multiscreenplay.PlayerActivity
ADDED from src\main\AndroidManifest.xml:53:9-56:20
	android:theme
		ADDED from src\main\AndroidManifest.xml:55:13-83
	android:name
		ADDED from src\main\AndroidManifest.xml:54:13-42